<?xml version="1.0" encoding="UTF-8"?>
<testsuite name="GraphTest" tests="1" skipped="0" failures="0" errors="0" timestamp="2022-12-18T12:55:16" hostname="macbook-C02H4238Q6LR" time="0.217">
  <properties/>
  <testcase name="reader()" classname="GraphTest" time="0.217"/>
  <system-out><![CDATA[]]></system-out>
  <system-err><![CDATA[]]></system-err>
</testsuite>
